CRITICAL - 2025-09-25 13:13:25 --> CodeIgniter\View\Exceptions\ViewException: Invalid file: "student/assignments.php"
[Method: GET, Route: student/assignments]
in SYSTEMPATH\Exceptions\FrameworkException.php on line 39.
 1 SYSTEMPATH\View\View.php(214): CodeIgniter\Exceptions\FrameworkException::forInvalidFile('student/assignments.php')
 2 SYSTEMPATH\Common.php(1167): CodeIgniter\View\View->render('student/assignments', [], true)
 3 APPPATH\Controllers\Student.php(42): view('student/assignments', [...])
 4 SYSTEMPATH\CodeIgniter.php(933): App\Controllers\Student->assignments()
 5 SYSTEMPATH\CodeIgniter.php(507): CodeIgniter\CodeIgniter->runController(Object(App\Controllers\Student))
 6 SYSTEMPATH\CodeIgniter.php(354): CodeIgniter\CodeIgniter->handleRequest(null, Object(Config\Cache), false)
 7 SYSTEMPATH\Boot.php(363): CodeIgniter\CodeIgniter->run()
 8 SYSTEMPATH\Boot.php(68): CodeIgniter\Boot::runCodeIgniter(Object(CodeIgniter\CodeIgniter))
 9 FCPATH\index.php(93): CodeIgniter\Boot::bootWeb(Object(Config\Paths))
CRITICAL - 2025-09-25 13:13:28 --> CodeIgniter\View\Exceptions\ViewException: Invalid file: "student/assignments.php"
[Method: GET, Route: student/assignments]
in SYSTEMPATH\Exceptions\FrameworkException.php on line 39.
 1 SYSTEMPATH\View\View.php(214): CodeIgniter\Exceptions\FrameworkException::forInvalidFile('student/assignments.php')
 2 SYSTEMPATH\Common.php(1167): CodeIgniter\View\View->render('student/assignments', [], true)
 3 APPPATH\Controllers\Student.php(42): view('student/assignments', [...])
 4 SYSTEMPATH\CodeIgniter.php(933): App\Controllers\Student->assignments()
 5 SYSTEMPATH\CodeIgniter.php(507): CodeIgniter\CodeIgniter->runController(Object(App\Controllers\Student))
 6 SYSTEMPATH\CodeIgniter.php(354): CodeIgniter\CodeIgniter->handleRequest(null, Object(Config\Cache), false)
 7 SYSTEMPATH\Boot.php(363): CodeIgniter\CodeIgniter->run()
 8 SYSTEMPATH\Boot.php(68): CodeIgniter\Boot::runCodeIgniter(Object(CodeIgniter\CodeIgniter))
 9 FCPATH\index.php(93): CodeIgniter\Boot::bootWeb(Object(Config\Paths))
CRITICAL - 2025-09-25 13:13:33 --> CodeIgniter\View\Exceptions\ViewException: Invalid file: "student/assignments.php"
[Method: GET, Route: student/assignments]
in SYSTEMPATH\Exceptions\FrameworkException.php on line 39.
 1 SYSTEMPATH\View\View.php(214): CodeIgniter\Exceptions\FrameworkException::forInvalidFile('student/assignments.php')
 2 SYSTEMPATH\Common.php(1167): CodeIgniter\View\View->render('student/assignments', [], true)
 3 APPPATH\Controllers\Student.php(42): view('student/assignments', [...])
 4 SYSTEMPATH\CodeIgniter.php(933): App\Controllers\Student->assignments()
 5 SYSTEMPATH\CodeIgniter.php(507): CodeIgniter\CodeIgniter->runController(Object(App\Controllers\Student))
 6 SYSTEMPATH\CodeIgniter.php(354): CodeIgniter\CodeIgniter->handleRequest(null, Object(Config\Cache), false)
 7 SYSTEMPATH\Boot.php(363): CodeIgniter\CodeIgniter->run()
 8 SYSTEMPATH\Boot.php(68): CodeIgniter\Boot::runCodeIgniter(Object(CodeIgniter\CodeIgniter))
 9 FCPATH\index.php(93): CodeIgniter\Boot::bootWeb(Object(Config\Paths))
CRITICAL - 2025-09-25 13:14:59 --> CodeIgniter\View\Exceptions\ViewException: Invalid file: "student/assignments.php"
[Method: GET, Route: student/assignments]
in SYSTEMPATH\Exceptions\FrameworkException.php on line 39.
 1 SYSTEMPATH\View\View.php(214): CodeIgniter\Exceptions\FrameworkException::forInvalidFile('student/assignments.php')
 2 SYSTEMPATH\Common.php(1167): CodeIgniter\View\View->render('student/assignments', [], true)
 3 APPPATH\Controllers\Student.php(42): view('student/assignments', [...])
 4 SYSTEMPATH\CodeIgniter.php(933): App\Controllers\Student->assignments()
 5 SYSTEMPATH\CodeIgniter.php(507): CodeIgniter\CodeIgniter->runController(Object(App\Controllers\Student))
 6 SYSTEMPATH\CodeIgniter.php(354): CodeIgniter\CodeIgniter->handleRequest(null, Object(Config\Cache), false)
 7 SYSTEMPATH\Boot.php(363): CodeIgniter\CodeIgniter->run()
 8 SYSTEMPATH\Boot.php(68): CodeIgniter\Boot::runCodeIgniter(Object(CodeIgniter\CodeIgniter))
 9 FCPATH\index.php(93): CodeIgniter\Boot::bootWeb(Object(Config\Paths))
CRITICAL - 2025-09-25 13:15:13 --> CodeIgniter\View\Exceptions\ViewException: Invalid file: "student/assignments.php"
[Method: GET, Route: student/assignments]
in SYSTEMPATH\Exceptions\FrameworkException.php on line 39.
 1 SYSTEMPATH\View\View.php(214): CodeIgniter\Exceptions\FrameworkException::forInvalidFile('student/assignments.php')
 2 SYSTEMPATH\Common.php(1167): CodeIgniter\View\View->render('student/assignments', [], true)
 3 APPPATH\Controllers\Student.php(42): view('student/assignments', [...])
 4 SYSTEMPATH\CodeIgniter.php(933): App\Controllers\Student->assignments()
 5 SYSTEMPATH\CodeIgniter.php(507): CodeIgniter\CodeIgniter->runController(Object(App\Controllers\Student))
 6 SYSTEMPATH\CodeIgniter.php(354): CodeIgniter\CodeIgniter->handleRequest(null, Object(Config\Cache), false)
 7 SYSTEMPATH\Boot.php(363): CodeIgniter\CodeIgniter->run()
 8 SYSTEMPATH\Boot.php(68): CodeIgniter\Boot::runCodeIgniter(Object(CodeIgniter\CodeIgniter))
 9 FCPATH\index.php(93): CodeIgniter\Boot::bootWeb(Object(Config\Paths))
CRITICAL - 2025-09-25 13:18:10 --> CodeIgniter\View\Exceptions\ViewException: Invalid file: "teacher/grades.php"
[Method: GET, Route: teacher/grades]
in SYSTEMPATH\Exceptions\FrameworkException.php on line 39.
 1 SYSTEMPATH\View\View.php(214): CodeIgniter\Exceptions\FrameworkException::forInvalidFile('teacher/grades.php')
 2 SYSTEMPATH\Common.php(1167): CodeIgniter\View\View->render('teacher/grades', [], true)
 3 APPPATH\Controllers\Teacher.php(39): view('teacher/grades', [...])
 4 SYSTEMPATH\CodeIgniter.php(933): App\Controllers\Teacher->grades()
 5 SYSTEMPATH\CodeIgniter.php(507): CodeIgniter\CodeIgniter->runController(Object(App\Controllers\Teacher))
 6 SYSTEMPATH\CodeIgniter.php(354): CodeIgniter\CodeIgniter->handleRequest(null, Object(Config\Cache), false)
 7 SYSTEMPATH\Boot.php(363): CodeIgniter\CodeIgniter->run()
 8 SYSTEMPATH\Boot.php(68): CodeIgniter\Boot::runCodeIgniter(Object(CodeIgniter\CodeIgniter))
 9 FCPATH\index.php(93): CodeIgniter\Boot::bootWeb(Object(Config\Paths))
CRITICAL - 2025-09-25 13:19:30 --> CodeIgniter\View\Exceptions\ViewException: Invalid file: "student/assignments.php"
[Method: GET, Route: student/assignments]
in SYSTEMPATH\Exceptions\FrameworkException.php on line 39.
 1 SYSTEMPATH\View\View.php(214): CodeIgniter\Exceptions\FrameworkException::forInvalidFile('student/assignments.php')
 2 SYSTEMPATH\Common.php(1167): CodeIgniter\View\View->render('student/assignments', [], true)
 3 APPPATH\Controllers\Student.php(42): view('student/assignments', [...])
 4 SYSTEMPATH\CodeIgniter.php(933): App\Controllers\Student->assignments()
 5 SYSTEMPATH\CodeIgniter.php(507): CodeIgniter\CodeIgniter->runController(Object(App\Controllers\Student))
 6 SYSTEMPATH\CodeIgniter.php(354): CodeIgniter\CodeIgniter->handleRequest(null, Object(Config\Cache), false)
 7 SYSTEMPATH\Boot.php(363): CodeIgniter\CodeIgniter->run()
 8 SYSTEMPATH\Boot.php(68): CodeIgniter\Boot::runCodeIgniter(Object(CodeIgniter\CodeIgniter))
 9 FCPATH\index.php(93): CodeIgniter\Boot::bootWeb(Object(Config\Paths))
CRITICAL - 2025-09-25 18:39:26 --> CodeIgniter\View\Exceptions\ViewException: Invalid file: "teacher/grades.php"
[Method: GET, Route: teacher/grades]
in SYSTEMPATH\Exceptions\FrameworkException.php on line 39.
 1 SYSTEMPATH\View\View.php(214): CodeIgniter\Exceptions\FrameworkException::forInvalidFile('teacher/grades.php')
 2 SYSTEMPATH\Common.php(1167): CodeIgniter\View\View->render('teacher/grades', [], true)
 3 APPPATH\Controllers\Teacher.php(39): view('teacher/grades', [...])
 4 SYSTEMPATH\CodeIgniter.php(933): App\Controllers\Teacher->grades()
 5 SYSTEMPATH\CodeIgniter.php(507): CodeIgniter\CodeIgniter->runController(Object(App\Controllers\Teacher))
 6 SYSTEMPATH\CodeIgniter.php(354): CodeIgniter\CodeIgniter->handleRequest(null, Object(Config\Cache), false)
 7 SYSTEMPATH\Boot.php(363): CodeIgniter\CodeIgniter->run()
 8 SYSTEMPATH\Boot.php(68): CodeIgniter\Boot::runCodeIgniter(Object(CodeIgniter\CodeIgniter))
 9 FCPATH\index.php(93): CodeIgniter\Boot::bootWeb(Object(Config\Paths))
