ERROR - 2025-10-22 06:11:08 --> Error connecting to the database: mysqli_sql_exception: Unknown database 'lms_malilay' in C:\xampp\htdocs\ITE311-MALILAY\system\Database\MySQLi\Connection.php:201
Stack trace:
#0 C:\xampp\htdocs\ITE311-MALILAY\system\Database\MySQLi\Connection.php(201): mysqli->real_connect('localhost', 'root', Object(SensitiveParameterValue), 'lms_malilay', 3306, '', 0)
#1 C:\xampp\htdocs\ITE311-MALILAY\system\Database\BaseConnection.php(419): CodeIgniter\Database\MySQLi\Connection->connect(false)
#2 C:\xampp\htdocs\ITE311-MALILAY\system\Database\BaseConnection.php(614): CodeIgniter\Database\BaseConnection->initialize()
#3 C:\xampp\htdocs\ITE311-MALILAY\system\Database\BaseConnection.php(1525): CodeIgniter\Database\BaseConnection->query('SHOW TABLES FRO...')
#4 C:\xampp\htdocs\ITE311-MALILAY\system\Database\BaseConnection.php(1545): CodeIgniter\Database\BaseConnection->listTables()
#5 C:\xampp\htdocs\ITE311-MALILAY\system\Database\MigrationRunner.php(768): CodeIgniter\Database\BaseConnection->tableExists('sequential')
#6 C:\xampp\htdocs\ITE311-MALILAY\system\Database\MigrationRunner.php(162): CodeIgniter\Database\MigrationRunner->ensureTable()
#7 C:\xampp\htdocs\ITE311-MALILAY\system\Commands\Database\Migrate.php(85): CodeIgniter\Database\MigrationRunner->latest(NULL)
#8 C:\xampp\htdocs\ITE311-MALILAY\system\CLI\Commands.php(74): CodeIgniter\Commands\Database\Migrate->run(Array)
#9 C:\xampp\htdocs\ITE311-MALILAY\system\CLI\Console.php(47): CodeIgniter\CLI\Commands->run('migrate', Array)
#10 C:\xampp\htdocs\ITE311-MALILAY\system\Boot.php(388): CodeIgniter\CLI\Console->run()
#11 C:\xampp\htdocs\ITE311-MALILAY\system\Boot.php(133): CodeIgniter\Boot::runCommand(Object(CodeIgniter\CLI\Console))
#12 C:\xampp\htdocs\ITE311-MALILAY\spark(87): CodeIgniter\Boot::bootSpark(Object(Config\Paths))
#13 {main}

Next CodeIgniter\Database\Exceptions\DatabaseException: Unknown database 'lms_malilay' in C:\xampp\htdocs\ITE311-MALILAY\system\Database\MySQLi\Connection.php:246
Stack trace:
#0 C:\xampp\htdocs\ITE311-MALILAY\system\Database\BaseConnection.php(419): CodeIgniter\Database\MySQLi\Connection->connect(false)
#1 C:\xampp\htdocs\ITE311-MALILAY\system\Database\BaseConnection.php(614): CodeIgniter\Database\BaseConnection->initialize()
#2 C:\xampp\htdocs\ITE311-MALILAY\system\Database\BaseConnection.php(1525): CodeIgniter\Database\BaseConnection->query('SHOW TABLES FRO...')
#3 C:\xampp\htdocs\ITE311-MALILAY\system\Database\BaseConnection.php(1545): CodeIgniter\Database\BaseConnection->listTables()
#4 C:\xampp\htdocs\ITE311-MALILAY\system\Database\MigrationRunner.php(768): CodeIgniter\Database\BaseConnection->tableExists('sequential')
#5 C:\xampp\htdocs\ITE311-MALILAY\system\Database\MigrationRunner.php(162): CodeIgniter\Database\MigrationRunner->ensureTable()
#6 C:\xampp\htdocs\ITE311-MALILAY\system\Commands\Database\Migrate.php(85): CodeIgniter\Database\MigrationRunner->latest(NULL)
#7 C:\xampp\htdocs\ITE311-MALILAY\system\CLI\Commands.php(74): CodeIgniter\Commands\Database\Migrate->run(Array)
#8 C:\xampp\htdocs\ITE311-MALILAY\system\CLI\Console.php(47): CodeIgniter\CLI\Commands->run('migrate', Array)
#9 C:\xampp\htdocs\ITE311-MALILAY\system\Boot.php(388): CodeIgniter\CLI\Console->run()
#10 C:\xampp\htdocs\ITE311-MALILAY\system\Boot.php(133): CodeIgniter\Boot::runCommand(Object(CodeIgniter\CLI\Console))
#11 C:\xampp\htdocs\ITE311-MALILAY\spark(87): CodeIgniter\Boot::bootSpark(Object(Config\Paths))
#12 {main}
ERROR - 2025-10-22 06:12:36 --> mysqli_sql_exception: Cannot add or update a child row: a foreign key constraint fails (`lms_malilay`.`submissions`, CONSTRAINT `submissions_quiz_id_foreign` FOREIGN KEY (`quiz_id`) REFERENCES `quizzes` (`id`) ON DELETE CASCADE ON UPDATE CASCADE) in C:\xampp\htdocs\ITE311-MALILAY\system\Database\MySQLi\Connection.php:327
Stack trace:
#0 C:\xampp\htdocs\ITE311-MALILAY\system\Database\MySQLi\Connection.php(327): mysqli->query('INSERT INTO `su...', 0)
#1 C:\xampp\htdocs\ITE311-MALILAY\system\Database\BaseConnection.php(729): CodeIgniter\Database\MySQLi\Connection->execute('INSERT INTO `su...')
#2 C:\xampp\htdocs\ITE311-MALILAY\system\Database\BaseConnection.php(646): CodeIgniter\Database\BaseConnection->simpleQuery('INSERT INTO `su...')
#3 C:\xampp\htdocs\ITE311-MALILAY\system\Database\BaseBuilder.php(1841): CodeIgniter\Database\BaseConnection->query('INSERT INTO `su...', NULL, false)
#4 C:\xampp\htdocs\ITE311-MALILAY\system\Database\BaseBuilder.php(2230): CodeIgniter\Database\BaseBuilder->batchExecute('_insertBatch', 100)
#5 C:\xampp\htdocs\ITE311-MALILAY\app\Database\Seeds\SubmissionSeeder.php(30): CodeIgniter\Database\BaseBuilder->insertBatch(Array)
#6 C:\xampp\htdocs\ITE311-MALILAY\system\Database\Seeder.php(149): App\Database\Seeds\SubmissionSeeder->run()
#7 C:\xampp\htdocs\ITE311-MALILAY\system\Commands\Database\Seed.php(79): CodeIgniter\Database\Seeder->call('App\\Database\\Se...')
#8 C:\xampp\htdocs\ITE311-MALILAY\system\CLI\Commands.php(74): CodeIgniter\Commands\Database\Seed->run(Array)
#9 C:\xampp\htdocs\ITE311-MALILAY\system\CLI\Console.php(47): CodeIgniter\CLI\Commands->run('db:seed', Array)
#10 C:\xampp\htdocs\ITE311-MALILAY\system\Boot.php(388): CodeIgniter\CLI\Console->run()
#11 C:\xampp\htdocs\ITE311-MALILAY\system\Boot.php(133): CodeIgniter\Boot::runCommand(Object(CodeIgniter\CLI\Console))
#12 C:\xampp\htdocs\ITE311-MALILAY\spark(87): CodeIgniter\Boot::bootSpark(Object(Config\Paths))
#13 {main}
CRITICAL - 2025-10-22 06:44:34 --> Error: Call to undefined function form_open_multipart()
[Method: GET, Route: teacher/course/1/upload]
in APPPATH\Views\admin\upload_material.php on line 46.
 1 SYSTEMPATH\View\View.php(226): include()
 2 SYSTEMPATH\View\View.php(229): CodeIgniter\View\View->CodeIgniter\View\{closure}()
 3 SYSTEMPATH\Common.php(1167): CodeIgniter\View\View->render('admin/upload_material', [], true)
 4 APPPATH\Controllers\Materials.php(50): view('admin/upload_material', [...])
 5 SYSTEMPATH\CodeIgniter.php(933): App\Controllers\Materials->upload('1')
 6 SYSTEMPATH\CodeIgniter.php(507): CodeIgniter\CodeIgniter->runController(Object(App\Controllers\Materials))
 7 SYSTEMPATH\CodeIgniter.php(354): CodeIgniter\CodeIgniter->handleRequest(null, Object(Config\Cache), false)
 8 SYSTEMPATH\Boot.php(363): CodeIgniter\CodeIgniter->run()
 9 SYSTEMPATH\Boot.php(68): CodeIgniter\Boot::runCodeIgniter(Object(CodeIgniter\CodeIgniter))
10 FCPATH\index.php(87): CodeIgniter\Boot::bootWeb(Object(Config\Paths))
CRITICAL - 2025-10-22 06:46:55 --> Error: Call to undefined function form_open_multipart()
[Method: GET, Route: teacher/course/1/upload]
in APPPATH\Views\admin\upload_material.php on line 46.
 1 SYSTEMPATH\View\View.php(226): include()
 2 SYSTEMPATH\View\View.php(229): CodeIgniter\View\View->CodeIgniter\View\{closure}()
 3 SYSTEMPATH\Common.php(1167): CodeIgniter\View\View->render('admin/upload_material', [], true)
 4 APPPATH\Controllers\Materials.php(50): view('admin/upload_material', [...])
 5 SYSTEMPATH\CodeIgniter.php(933): App\Controllers\Materials->upload('1')
 6 SYSTEMPATH\CodeIgniter.php(507): CodeIgniter\CodeIgniter->runController(Object(App\Controllers\Materials))
 7 SYSTEMPATH\CodeIgniter.php(354): CodeIgniter\CodeIgniter->handleRequest(null, Object(Config\Cache), false)
 8 SYSTEMPATH\Boot.php(363): CodeIgniter\CodeIgniter->run()
 9 SYSTEMPATH\Boot.php(68): CodeIgniter\Boot::runCodeIgniter(Object(CodeIgniter\CodeIgniter))
10 FCPATH\index.php(87): CodeIgniter\Boot::bootWeb(Object(Config\Paths))
ERROR - 2025-10-22 06:48:04 --> mysqli_sql_exception: Can't create database 'lms_malilay'; database exists in C:\xampp\htdocs\ITE311-MALILAY\system\Database\MySQLi\Connection.php:327
Stack trace:
#0 C:\xampp\htdocs\ITE311-MALILAY\system\Database\MySQLi\Connection.php(327): mysqli->query('CREATE DATABASE...', 0)
#1 C:\xampp\htdocs\ITE311-MALILAY\system\Database\BaseConnection.php(729): CodeIgniter\Database\MySQLi\Connection->execute('CREATE DATABASE...')
#2 C:\xampp\htdocs\ITE311-MALILAY\system\Database\BaseConnection.php(646): CodeIgniter\Database\BaseConnection->simpleQuery('CREATE DATABASE...')
#3 C:\xampp\htdocs\ITE311-MALILAY\system\Database\Forge.php(232): CodeIgniter\Database\BaseConnection->query('CREATE DATABASE...')
#4 C:\xampp\htdocs\ITE311-MALILAY\system\Commands\Database\CreateDatabase.php(136): CodeIgniter\Database\Forge->createDatabase('lms_malilay')
#5 C:\xampp\htdocs\ITE311-MALILAY\system\CLI\Commands.php(74): CodeIgniter\Commands\Database\CreateDatabase->run(Array)
#6 C:\xampp\htdocs\ITE311-MALILAY\system\CLI\Console.php(47): CodeIgniter\CLI\Commands->run('db:create', Array)
#7 C:\xampp\htdocs\ITE311-MALILAY\system\Boot.php(388): CodeIgniter\CLI\Console->run()
#8 C:\xampp\htdocs\ITE311-MALILAY\system\Boot.php(133): CodeIgniter\Boot::runCommand(Object(CodeIgniter\CLI\Console))
#9 C:\xampp\htdocs\ITE311-MALILAY\spark(87): CodeIgniter\Boot::bootSpark(Object(Config\Paths))
#10 {main}
